{"E:\\Documents\\Tel U\\Intern\\Intern_Infomedia\\Project\\usecase_prio\\netlify\\functions\\save.js": {"path":"E:\\Documents\\Tel U\\Intern\\Intern_Infomedia\\Project\\usecase_prio\\netlify\\functions\\save.js","statementMap":{"0":{"start":{"line":3,"column":23},"end":{"line":174,"column":1}},"1":{"start":{"line":4,"column":2},"end":{"line":10,"column":3}},"2":{"start":{"line":5,"column":4},"end":{"line":9,"column":6}},"3":{"start":{"line":12,"column":2},"end":{"line":173,"column":3}},"4":{"start":{"line":13,"column":17},"end":{"line":13,"column":47}},"5":{"start":{"line":14,"column":14},"end":{"line":14,"column":35}},"6":{"start":{"line":17,"column":21},"end":{"line":25,"column":5}},"7":{"start":{"line":26,"column":4},"end":{"line":34,"column":5}},"8":{"start":{"line":27,"column":6},"end":{"line":33,"column":7}},"9":{"start":{"line":28,"column":8},"end":{"line":32,"column":10}},"10":{"start":{"line":36,"column":24},"end":{"line":36,"column":114}},"11":{"start":{"line":37,"column":26},"end":{"line":37,"column":162}},"12":{"start":{"line":38,"column":26},"end":{"line":38,"column":81}},"13":{"start":{"line":39,"column":18},"end":{"line":39,"column":77}},"14":{"start":{"line":41,"column":4},"end":{"line":50,"column":5}},"15":{"start":{"line":42,"column":6},"end":{"line":49,"column":8}},"16":{"start":{"line":53,"column":13},"end":{"line":53,"column":26}},"17":{"start":{"line":55,"column":24},"end":{"line":55,"column":91}},"18":{"start":{"line":56,"column":4},"end":{"line":58,"column":5}},"19":{"start":{"line":57,"column":6},"end":{"line":57,"column":71}},"20":{"start":{"line":57,"column":12},"end":{"line":57,"column":60}},"21":{"start":{"line":60,"column":4},"end":{"line":62,"column":5}},"22":{"start":{"line":61,"column":6},"end":{"line":61,"column":27}},"23":{"start":{"line":64,"column":23},"end":{"line":64,"column":66}},"24":{"start":{"line":66,"column":17},"end":{"line":70,"column":6}},"25":{"start":{"line":72,"column":19},"end":{"line":72,"column":57}},"26":{"start":{"line":74,"column":19},"end":{"line":78,"column":5}},"27":{"start":{"line":75,"column":6},"end":{"line":75,"column":65}},"28":{"start":{"line":75,"column":28},"end":{"line":75,"column":65}},"29":{"start":{"line":76,"column":16},"end":{"line":76,"column":38}},"30":{"start":{"line":77,"column":6},"end":{"line":77,"column":15}},"31":{"start":{"line":79,"column":29},"end":{"line":97,"column":5}},"32":{"start":{"line":80,"column":16},"end":{"line":80,"column":33}},"33":{"start":{"line":81,"column":18},"end":{"line":81,"column":76}},"34":{"start":{"line":82,"column":6},"end":{"line":82,"column":29}},"35":{"start":{"line":82,"column":19},"end":{"line":82,"column":29}},"36":{"start":{"line":83,"column":17},"end":{"line":83,"column":58}},"37":{"start":{"line":84,"column":6},"end":{"line":84,"column":46}},"38":{"start":{"line":85,"column":20},"end":{"line":85,"column":36}},"39":{"start":{"line":86,"column":18},"end":{"line":86,"column":20}},"40":{"start":{"line":87,"column":23},"end":{"line":87,"column":161}},"41":{"start":{"line":88,"column":6},"end":{"line":95,"column":7}},"42":{"start":{"line":89,"column":18},"end":{"line":89,"column":43}},"43":{"start":{"line":90,"column":8},"end":{"line":90,"column":22}},"44":{"start":{"line":90,"column":16},"end":{"line":90,"column":22}},"45":{"start":{"line":91,"column":8},"end":{"line":91,"column":36}},"46":{"start":{"line":91,"column":30},"end":{"line":91,"column":36}},"47":{"start":{"line":92,"column":8},"end":{"line":94,"column":25}},"48":{"start":{"line":92,"column":30},"end":{"line":92,"column":67}},"49":{"start":{"line":93,"column":13},"end":{"line":94,"column":25}},"50":{"start":{"line":93,"column":34},"end":{"line":93,"column":70}},"51":{"start":{"line":94,"column":13},"end":{"line":94,"column":25}},"52":{"start":{"line":96,"column":6},"end":{"line":96,"column":29}},"53":{"start":{"line":98,"column":31},"end":{"line":101,"column":5}},"54":{"start":{"line":99,"column":16},"end":{"line":99,"column":82}},"55":{"start":{"line":100,"column":6},"end":{"line":100,"column":42}},"56":{"start":{"line":103,"column":18},"end":{"line":103,"column":99}},"57":{"start":{"line":104,"column":28},"end":{"line":104,"column":107}},"58":{"start":{"line":105,"column":19},"end":{"line":105,"column":82}},"59":{"start":{"line":106,"column":17},"end":{"line":106,"column":75}},"60":{"start":{"line":107,"column":21},"end":{"line":107,"column":85}},"61":{"start":{"line":108,"column":25},"end":{"line":108,"column":61}},"62":{"start":{"line":109,"column":20},"end":{"line":109,"column":43}},"63":{"start":{"line":110,"column":25},"end":{"line":110,"column":32}},"64":{"start":{"line":112,"column":24},"end":{"line":118,"column":5}},"65":{"start":{"line":113,"column":16},"end":{"line":113,"column":45}},"66":{"start":{"line":114,"column":6},"end":{"line":114,"column":45}},"67":{"start":{"line":114,"column":31},"end":{"line":114,"column":45}},"68":{"start":{"line":115,"column":6},"end":{"line":115,"column":48}},"69":{"start":{"line":115,"column":32},"end":{"line":115,"column":48}},"70":{"start":{"line":116,"column":6},"end":{"line":116,"column":95}},"71":{"start":{"line":116,"column":82},"end":{"line":116,"column":95}},"72":{"start":{"line":117,"column":6},"end":{"line":117,"column":29}},"73":{"start":{"line":119,"column":22},"end":{"line":119,"column":38}},"74":{"start":{"line":120,"column":27},"end":{"line":120,"column":48}},"75":{"start":{"line":121,"column":21},"end":{"line":121,"column":85}},"76":{"start":{"line":123,"column":19},"end":{"line":140,"column":5}},"77":{"start":{"line":142,"column":17},"end":{"line":148,"column":6}},"78":{"start":{"line":150,"column":25},"end":{"line":150,"column":67}},"79":{"start":{"line":152,"column":4},"end":{"line":160,"column":6}},"80":{"start":{"line":162,"column":4},"end":{"line":162,"column":47}},"81":{"start":{"line":163,"column":4},"end":{"line":172,"column":6}}},"fnMap":{"0":{"name":"(anonymous_0)","decl":{"start":{"line":3,"column":23},"end":{"line":3,"column":24}},"loc":{"start":{"line":3,"column":40},"end":{"line":174,"column":1}},"line":3},"1":{"name":"(anonymous_1)","decl":{"start":{"line":74,"column":19},"end":{"line":74,"column":20}},"loc":{"start":{"line":74,"column":26},"end":{"line":78,"column":5}},"line":74},"2":{"name":"(anonymous_2)","decl":{"start":{"line":79,"column":29},"end":{"line":79,"column":30}},"loc":{"start":{"line":79,"column":45},"end":{"line":97,"column":5}},"line":79},"3":{"name":"(anonymous_3)","decl":{"start":{"line":98,"column":31},"end":{"line":98,"column":32}},"loc":{"start":{"line":98,"column":47},"end":{"line":101,"column":5}},"line":98},"4":{"name":"(anonymous_4)","decl":{"start":{"line":112,"column":24},"end":{"line":112,"column":25}},"loc":{"start":{"line":112,"column":31},"end":{"line":118,"column":5}},"line":112}},"branchMap":{"0":{"loc":{"start":{"line":4,"column":2},"end":{"line":10,"column":3}},"type":"if","locations":[{"start":{"line":4,"column":2},"end":{"line":10,"column":3}},{"start":{},"end":{}}],"line":4},"1":{"loc":{"start":{"line":13,"column":28},"end":{"line":13,"column":46}},"type":"binary-expr","locations":[{"start":{"line":13,"column":28},"end":{"line":13,"column":38}},{"start":{"line":13,"column":42},"end":{"line":13,"column":46}}],"line":13},"2":{"loc":{"start":{"line":14,"column":14},"end":{"line":14,"column":35}},"type":"binary-expr","locations":[{"start":{"line":14,"column":14},"end":{"line":14,"column":29}},{"start":{"line":14,"column":33},"end":{"line":14,"column":35}}],"line":14},"3":{"loc":{"start":{"line":27,"column":6},"end":{"line":33,"column":7}},"type":"if","locations":[{"start":{"line":27,"column":6},"end":{"line":33,"column":7}},{"start":{},"end":{}}],"line":27},"4":{"loc":{"start":{"line":27,"column":10},"end":{"line":27,"column":60}},"type":"binary-expr","locations":[{"start":{"line":27,"column":10},"end":{"line":27,"column":28}},{"start":{"line":27,"column":32},"end":{"line":27,"column":45}},{"start":{"line":27,"column":49},"end":{"line":27,"column":60}}],"line":27},"5":{"loc":{"start":{"line":36,"column":25},"end":{"line":36,"column":106}},"type":"binary-expr","locations":[{"start":{"line":36,"column":25},"end":{"line":36,"column":56}},{"start":{"line":36,"column":60},"end":{"line":36,"column":100}},{"start":{"line":36,"column":104},"end":{"line":36,"column":106}}],"line":36},"6":{"loc":{"start":{"line":37,"column":27},"end":{"line":37,"column":154}},"type":"binary-expr","locations":[{"start":{"line":37,"column":27},"end":{"line":37,"column":57}},{"start":{"line":37,"column":61},"end":{"line":37,"column":107}},{"start":{"line":37,"column":111},"end":{"line":37,"column":148}},{"start":{"line":37,"column":152},"end":{"line":37,"column":154}}],"line":37},"7":{"loc":{"start":{"line":38,"column":27},"end":{"line":38,"column":73}},"type":"binary-expr","locations":[{"start":{"line":38,"column":27},"end":{"line":38,"column":67}},{"start":{"line":38,"column":71},"end":{"line":38,"column":73}}],"line":38},"8":{"loc":{"start":{"line":39,"column":19},"end":{"line":39,"column":69}},"type":"binary-expr","locations":[{"start":{"line":39,"column":19},"end":{"line":39,"column":50}},{"start":{"line":39,"column":54},"end":{"line":39,"column":69}}],"line":39},"9":{"loc":{"start":{"line":41,"column":4},"end":{"line":50,"column":5}},"type":"if","locations":[{"start":{"line":41,"column":4},"end":{"line":50,"column":5}},{"start":{},"end":{}}],"line":41},"10":{"loc":{"start":{"line":41,"column":8},"end":{"line":41,"column":56}},"type":"binary-expr","locations":[{"start":{"line":41,"column":8},"end":{"line":41,"column":20}},{"start":{"line":41,"column":24},"end":{"line":41,"column":38}},{"start":{"line":41,"column":42},"end":{"line":41,"column":56}}],"line":41},"11":{"loc":{"start":{"line":55,"column":24},"end":{"line":55,"column":91}},"type":"binary-expr","locations":[{"start":{"line":55,"column":24},"end":{"line":55,"column":52}},{"start":{"line":55,"column":56},"end":{"line":55,"column":71}},{"start":{"line":55,"column":75},"end":{"line":55,"column":91}}],"line":55},"12":{"loc":{"start":{"line":56,"column":4},"end":{"line":58,"column":5}},"type":"if","locations":[{"start":{"line":56,"column":4},"end":{"line":58,"column":5}},{"start":{},"end":{}}],"line":56},"13":{"loc":{"start":{"line":60,"column":4},"end":{"line":62,"column":5}},"type":"if","locations":[{"start":{"line":60,"column":4},"end":{"line":62,"column":5}},{"start":{},"end":{}}],"line":60},"14":{"loc":{"start":{"line":60,"column":8},"end":{"line":60,"column":46}},"type":"binary-expr","locations":[{"start":{"line":60,"column":8},"end":{"line":60,"column":26}},{"start":{"line":60,"column":30},"end":{"line":60,"column":46}}],"line":60},"15":{"loc":{"start":{"line":75,"column":6},"end":{"line":75,"column":65}},"type":"if","locations":[{"start":{"line":75,"column":6},"end":{"line":75,"column":65}},{"start":{},"end":{}}],"line":75},"16":{"loc":{"start":{"line":76,"column":23},"end":{"line":76,"column":30}},"type":"binary-expr","locations":[{"start":{"line":76,"column":23},"end":{"line":76,"column":24}},{"start":{"line":76,"column":28},"end":{"line":76,"column":30}}],"line":76},"17":{"loc":{"start":{"line":80,"column":23},"end":{"line":80,"column":32}},"type":"binary-expr","locations":[{"start":{"line":80,"column":23},"end":{"line":80,"column":26}},{"start":{"line":80,"column":30},"end":{"line":80,"column":32}}],"line":80},"18":{"loc":{"start":{"line":81,"column":49},"end":{"line":81,"column":60}},"type":"binary-expr","locations":[{"start":{"line":81,"column":49},"end":{"line":81,"column":54}},{"start":{"line":81,"column":58},"end":{"line":81,"column":60}}],"line":81},"19":{"loc":{"start":{"line":82,"column":6},"end":{"line":82,"column":29}},"type":"if","locations":[{"start":{"line":82,"column":6},"end":{"line":82,"column":29}},{"start":{},"end":{}}],"line":82},"20":{"loc":{"start":{"line":83,"column":38},"end":{"line":83,"column":49}},"type":"binary-expr","locations":[{"start":{"line":83,"column":38},"end":{"line":83,"column":43}},{"start":{"line":83,"column":47},"end":{"line":83,"column":49}}],"line":83},"21":{"loc":{"start":{"line":89,"column":25},"end":{"line":89,"column":35}},"type":"binary-expr","locations":[{"start":{"line":89,"column":25},"end":{"line":89,"column":29}},{"start":{"line":89,"column":33},"end":{"line":89,"column":35}}],"line":89},"22":{"loc":{"start":{"line":90,"column":8},"end":{"line":90,"column":22}},"type":"if","locations":[{"start":{"line":90,"column":8},"end":{"line":90,"column":22}},{"start":{},"end":{}}],"line":90},"23":{"loc":{"start":{"line":91,"column":8},"end":{"line":91,"column":36}},"type":"if","locations":[{"start":{"line":91,"column":8},"end":{"line":91,"column":36}},{"start":{},"end":{}}],"line":91},"24":{"loc":{"start":{"line":92,"column":8},"end":{"line":94,"column":25}},"type":"if","locations":[{"start":{"line":92,"column":8},"end":{"line":94,"column":25}},{"start":{"line":93,"column":13},"end":{"line":94,"column":25}}],"line":92},"25":{"loc":{"start":{"line":93,"column":13},"end":{"line":94,"column":25}},"type":"if","locations":[{"start":{"line":93,"column":13},"end":{"line":94,"column":25}},{"start":{"line":94,"column":13},"end":{"line":94,"column":25}}],"line":93},"26":{"loc":{"start":{"line":99,"column":23},"end":{"line":99,"column":32}},"type":"binary-expr","locations":[{"start":{"line":99,"column":23},"end":{"line":99,"column":26}},{"start":{"line":99,"column":30},"end":{"line":99,"column":32}}],"line":99},"27":{"loc":{"start":{"line":100,"column":13},"end":{"line":100,"column":41}},"type":"cond-expr","locations":[{"start":{"line":100,"column":17},"end":{"line":100,"column":36}},{"start":{"line":100,"column":39},"end":{"line":100,"column":41}}],"line":100},"28":{"loc":{"start":{"line":103,"column":25},"end":{"line":103,"column":98}},"type":"binary-expr","locations":[{"start":{"line":103,"column":25},"end":{"line":103,"column":44}},{"start":{"line":103,"column":48},"end":{"line":103,"column":98}}],"line":103},"29":{"loc":{"start":{"line":104,"column":35},"end":{"line":104,"column":106}},"type":"binary-expr","locations":[{"start":{"line":104,"column":35},"end":{"line":104,"column":53}},{"start":{"line":104,"column":57},"end":{"line":104,"column":106}}],"line":104},"30":{"loc":{"start":{"line":105,"column":19},"end":{"line":105,"column":82}},"type":"binary-expr","locations":[{"start":{"line":105,"column":19},"end":{"line":105,"column":35}},{"start":{"line":105,"column":39},"end":{"line":105,"column":82}}],"line":105},"31":{"loc":{"start":{"line":106,"column":17},"end":{"line":106,"column":75}},"type":"binary-expr","locations":[{"start":{"line":106,"column":17},"end":{"line":106,"column":31}},{"start":{"line":106,"column":35},"end":{"line":106,"column":75}}],"line":106},"32":{"loc":{"start":{"line":107,"column":21},"end":{"line":107,"column":85}},"type":"binary-expr","locations":[{"start":{"line":107,"column":21},"end":{"line":107,"column":40}},{"start":{"line":107,"column":44},"end":{"line":107,"column":85}}],"line":107},"33":{"loc":{"start":{"line":108,"column":32},"end":{"line":108,"column":53}},"type":"binary-expr","locations":[{"start":{"line":108,"column":32},"end":{"line":108,"column":47}},{"start":{"line":108,"column":51},"end":{"line":108,"column":53}}],"line":108},"34":{"loc":{"start":{"line":109,"column":27},"end":{"line":109,"column":42}},"type":"binary-expr","locations":[{"start":{"line":109,"column":27},"end":{"line":109,"column":36}},{"start":{"line":109,"column":40},"end":{"line":109,"column":42}}],"line":109},"35":{"loc":{"start":{"line":113,"column":23},"end":{"line":113,"column":30}},"type":"binary-expr","locations":[{"start":{"line":113,"column":23},"end":{"line":113,"column":24}},{"start":{"line":113,"column":28},"end":{"line":113,"column":30}}],"line":113},"36":{"loc":{"start":{"line":114,"column":6},"end":{"line":114,"column":45}},"type":"if","locations":[{"start":{"line":114,"column":6},"end":{"line":114,"column":45}},{"start":{},"end":{}}],"line":114},"37":{"loc":{"start":{"line":115,"column":6},"end":{"line":115,"column":48}},"type":"if","locations":[{"start":{"line":115,"column":6},"end":{"line":115,"column":48}},{"start":{},"end":{}}],"line":115},"38":{"loc":{"start":{"line":116,"column":6},"end":{"line":116,"column":95}},"type":"if","locations":[{"start":{"line":116,"column":6},"end":{"line":116,"column":95}},{"start":{},"end":{}}],"line":116},"39":{"loc":{"start":{"line":116,"column":10},"end":{"line":116,"column":80}},"type":"binary-expr","locations":[{"start":{"line":116,"column":10},"end":{"line":116,"column":29}},{"start":{"line":116,"column":33},"end":{"line":116,"column":57}},{"start":{"line":116,"column":61},"end":{"line":116,"column":80}}],"line":116},"40":{"loc":{"start":{"line":117,"column":20},"end":{"line":117,"column":27}},"type":"binary-expr","locations":[{"start":{"line":117,"column":20},"end":{"line":117,"column":21}},{"start":{"line":117,"column":25},"end":{"line":117,"column":27}}],"line":117},"41":{"loc":{"start":{"line":121,"column":28},"end":{"line":121,"column":84}},"type":"cond-expr","locations":[{"start":{"line":121,"column":46},"end":{"line":121,"column":53}},{"start":{"line":121,"column":57},"end":{"line":121,"column":83}}],"line":121},"42":{"loc":{"start":{"line":150,"column":25},"end":{"line":150,"column":67}},"type":"binary-expr","locations":[{"start":{"line":150,"column":25},"end":{"line":150,"column":58}},{"start":{"line":150,"column":62},"end":{"line":150,"column":67}}],"line":150},"43":{"loc":{"start":{"line":169,"column":10},"end":{"line":170,"column":37}},"type":"binary-expr","locations":[{"start":{"line":169,"column":11},"end":{"line":169,"column":14}},{"start":{"line":169,"column":18},"end":{"line":169,"column":30}},{"start":{"line":169,"column":34},"end":{"line":169,"column":51}},{"start":{"line":169,"column":55},"end":{"line":169,"column":78}},{"start":{"line":169,"column":82},"end":{"line":169,"column":113}},{"start":{"line":170,"column":10},"end":{"line":170,"column":22}},{"start":{"line":170,"column":26},"end":{"line":170,"column":37}}],"line":169}},"s":{"0":1,"1":34,"2":1,"3":33,"4":33,"5":33,"6":33,"7":33,"8":229,"9":1,"10":32,"11":32,"12":32,"13":32,"14":32,"15":1,"16":31,"17":31,"18":31,"19":0,"20":0,"21":31,"22":30,"23":31,"24":31,"25":31,"26":31,"27":93,"28":6,"29":87,"30":87,"31":31,"32":90,"33":90,"34":90,"35":87,"36":3,"37":3,"38":3,"39":3,"40":3,"41":3,"42":8,"43":8,"44":2,"45":6,"46":0,"47":6,"48":4,"49":2,"50":2,"51":0,"52":3,"53":31,"54":61,"55":61,"56":31,"57":31,"58":31,"59":31,"60":31,"61":31,"62":31,"63":31,"64":31,"65":31,"66":31,"67":2,"68":29,"69":1,"70":28,"71":0,"72":28,"73":31,"74":31,"75":31,"76":31,"77":31,"78":30,"79":30,"80":1,"81":1},"f":{"0":34,"1":93,"2":90,"3":61,"4":31},"b":{"0":[1,33],"1":[33,0],"2":[33,0],"3":[1,228],"4":[229,229,228],"5":[32,1,1],"6":[32,1,1,0],"7":[32,0],"8":[32,0],"9":[1,31],"10":[32,31,31],"11":[31,1,0],"12":[0,31],"13":[30,1],"14":[31,30],"15":[6,87],"16":[87,87],"17":[90,84],"18":[90,0],"19":[87,3],"20":[3,0],"21":[8,2],"22":[2,6],"23":[0,6],"24":[4,2],"25":[2,0],"26":[61,56],"27":[2,59],"28":[31,30],"29":[31,31],"30":[31,30],"31":[31,30],"32":[31,30],"33":[31,31],"34":[31,28],"35":[31,0],"36":[2,29],"37":[1,28],"38":[0,28],"39":[28,28,28],"40":[28,0],"41":[31,0],"42":[30,0],"43":[1,1,0,0,0,1,0]},"_coverageSchema":"1a1c01bbd47fc00a2c39e90264f33305004495a9","hash":"098574ca386829849b95e70086eb10cd77f5d40c"}
}
