TN:
SF:netlify\functions\save.js
FN:3,(anonymous_0)
FN:74,(anonymous_1)
FN:79,(anonymous_2)
FN:96,(anonymous_3)
FNF:4
FNH:4
FNDA:34,(anonymous_0)
FNDA:93,(anonymous_1)
FNDA:90,(anonymous_2)
FNDA:30,(anonymous_3)
DA:3,1
DA:4,34
DA:5,1
DA:12,33
DA:13,33
DA:14,33
DA:17,33
DA:26,33
DA:27,229
DA:28,1
DA:36,32
DA:37,32
DA:38,32
DA:39,32
DA:41,32
DA:42,1
DA:53,31
DA:55,31
DA:56,31
DA:57,0
DA:60,31
DA:61,30
DA:64,31
DA:66,31
DA:72,31
DA:74,31
DA:75,93
DA:76,87
DA:77,87
DA:79,31
DA:80,90
DA:81,90
DA:82,90
DA:83,3
DA:84,3
DA:85,3
DA:86,3
DA:87,3
DA:88,8
DA:89,8
DA:90,6
DA:91,2
DA:92,0
DA:94,3
DA:96,31
DA:97,30
DA:98,30
DA:101,31
DA:102,31
DA:103,31
DA:104,31
DA:105,31
DA:106,31
DA:107,31
DA:109,31
DA:129,31
DA:137,30
DA:139,30
DA:149,1
DA:150,1
LF:60
LH:58
BRDA:4,0,0,1
BRDA:4,0,1,33
BRDA:13,1,0,33
BRDA:13,1,1,0
BRDA:14,2,0,33
BRDA:14,2,1,0
BRDA:27,3,0,1
BRDA:27,3,1,228
BRDA:27,4,0,229
BRDA:27,4,1,229
BRDA:27,4,2,228
BRDA:36,5,0,32
BRDA:36,5,1,1
BRDA:36,5,2,1
BRDA:37,6,0,32
BRDA:37,6,1,1
BRDA:37,6,2,1
BRDA:37,6,3,0
BRDA:38,7,0,32
BRDA:38,7,1,0
BRDA:39,8,0,32
BRDA:39,8,1,0
BRDA:41,9,0,1
BRDA:41,9,1,31
BRDA:41,10,0,32
BRDA:41,10,1,31
BRDA:41,10,2,31
BRDA:55,11,0,31
BRDA:55,11,1,1
BRDA:55,11,2,0
BRDA:56,12,0,0
BRDA:56,12,1,31
BRDA:60,13,0,30
BRDA:60,13,1,1
BRDA:60,14,0,31
BRDA:60,14,1,30
BRDA:75,15,0,6
BRDA:75,15,1,87
BRDA:76,16,0,87
BRDA:76,16,1,87
BRDA:80,17,0,90
BRDA:80,17,1,84
BRDA:81,18,0,90
BRDA:81,18,1,0
BRDA:82,19,0,87
BRDA:82,19,1,3
BRDA:83,20,0,3
BRDA:83,20,1,0
BRDA:88,21,0,8
BRDA:88,21,1,2
BRDA:89,22,0,2
BRDA:89,22,1,6
BRDA:90,23,0,4
BRDA:90,23,1,2
BRDA:91,24,0,2
BRDA:91,24,1,0
BRDA:97,25,0,30
BRDA:97,25,1,28
BRDA:98,26,0,1
BRDA:98,26,1,29
BRDA:101,27,0,31
BRDA:101,27,1,30
BRDA:102,28,0,31
BRDA:102,28,1,30
BRDA:103,29,0,31
BRDA:103,29,1,30
BRDA:104,30,0,31
BRDA:104,30,1,30
BRDA:105,31,0,31
BRDA:105,31,1,28
BRDA:105,31,2,28
BRDA:106,32,0,31
BRDA:106,32,1,28
BRDA:107,33,0,31
BRDA:107,33,1,28
BRDA:122,34,0,31
BRDA:122,34,1,28
BRDA:137,35,0,30
BRDA:137,35,1,0
BRDA:156,36,0,1
BRDA:156,36,1,1
BRDA:156,36,2,0
BRDA:156,36,3,0
BRDA:156,36,4,0
BRDA:156,36,5,1
BRDA:156,36,6,0
BRF:86
BRH:71
end_of_record
