TN:
SF:netlify\functions\save.js
FN:3,(anonymous_0)
FN:74,(anonymous_1)
FN:79,(anonymous_2)
FN:98,(anonymous_3)
FN:112,(anonymous_4)
FNF:5
FNH:5
FNDA:34,(anonymous_0)
FNDA:93,(anonymous_1)
FNDA:90,(anonymous_2)
FNDA:61,(anonymous_3)
FNDA:31,(anonymous_4)
DA:3,1
DA:4,34
DA:5,1
DA:12,33
DA:13,33
DA:14,33
DA:17,33
DA:26,33
DA:27,229
DA:28,1
DA:36,32
DA:37,32
DA:38,32
DA:39,32
DA:41,32
DA:42,1
DA:53,31
DA:55,31
DA:56,31
DA:57,0
DA:60,31
DA:61,30
DA:64,31
DA:66,31
DA:72,31
DA:74,31
DA:75,93
DA:76,87
DA:77,87
DA:79,31
DA:80,90
DA:81,90
DA:82,90
DA:83,3
DA:84,3
DA:85,3
DA:86,3
DA:87,3
DA:88,3
DA:89,8
DA:90,8
DA:91,6
DA:92,6
DA:93,2
DA:94,0
DA:96,3
DA:98,31
DA:99,61
DA:100,61
DA:103,31
DA:104,31
DA:105,31
DA:106,31
DA:107,31
DA:108,31
DA:109,31
DA:110,31
DA:112,31
DA:113,31
DA:114,31
DA:115,29
DA:116,28
DA:117,28
DA:119,31
DA:120,31
DA:121,31
DA:123,31
DA:142,31
DA:150,30
DA:152,30
DA:162,1
DA:163,1
LF:72
LH:70
BRDA:4,0,0,1
BRDA:4,0,1,33
BRDA:13,1,0,33
BRDA:13,1,1,0
BRDA:14,2,0,33
BRDA:14,2,1,0
BRDA:27,3,0,1
BRDA:27,3,1,228
BRDA:27,4,0,229
BRDA:27,4,1,229
BRDA:27,4,2,228
BRDA:36,5,0,32
BRDA:36,5,1,1
BRDA:36,5,2,1
BRDA:37,6,0,32
BRDA:37,6,1,1
BRDA:37,6,2,1
BRDA:37,6,3,0
BRDA:38,7,0,32
BRDA:38,7,1,0
BRDA:39,8,0,32
BRDA:39,8,1,0
BRDA:41,9,0,1
BRDA:41,9,1,31
BRDA:41,10,0,32
BRDA:41,10,1,31
BRDA:41,10,2,31
BRDA:55,11,0,31
BRDA:55,11,1,1
BRDA:55,11,2,0
BRDA:56,12,0,0
BRDA:56,12,1,31
BRDA:60,13,0,30
BRDA:60,13,1,1
BRDA:60,14,0,31
BRDA:60,14,1,30
BRDA:75,15,0,6
BRDA:75,15,1,87
BRDA:76,16,0,87
BRDA:76,16,1,87
BRDA:80,17,0,90
BRDA:80,17,1,84
BRDA:81,18,0,90
BRDA:81,18,1,0
BRDA:82,19,0,87
BRDA:82,19,1,3
BRDA:83,20,0,3
BRDA:83,20,1,0
BRDA:89,21,0,8
BRDA:89,21,1,2
BRDA:90,22,0,2
BRDA:90,22,1,6
BRDA:91,23,0,0
BRDA:91,23,1,6
BRDA:92,24,0,4
BRDA:92,24,1,2
BRDA:93,25,0,2
BRDA:93,25,1,0
BRDA:99,26,0,61
BRDA:99,26,1,56
BRDA:100,27,0,2
BRDA:100,27,1,59
BRDA:103,28,0,31
BRDA:103,28,1,30
BRDA:104,29,0,31
BRDA:104,29,1,31
BRDA:105,30,0,31
BRDA:105,30,1,30
BRDA:106,31,0,31
BRDA:106,31,1,30
BRDA:107,32,0,31
BRDA:107,32,1,30
BRDA:108,33,0,31
BRDA:108,33,1,31
BRDA:109,34,0,31
BRDA:109,34,1,28
BRDA:113,35,0,31
BRDA:113,35,1,0
BRDA:114,36,0,2
BRDA:114,36,1,29
BRDA:115,37,0,1
BRDA:115,37,1,28
BRDA:116,38,0,0
BRDA:116,38,1,28
BRDA:116,39,0,28
BRDA:116,39,1,28
BRDA:116,39,2,28
BRDA:117,40,0,28
BRDA:117,40,1,0
BRDA:121,41,0,31
BRDA:121,41,1,0
BRDA:150,42,0,30
BRDA:150,42,1,0
BRDA:169,43,0,1
BRDA:169,43,1,1
BRDA:169,43,2,0
BRDA:169,43,3,0
BRDA:169,43,4,0
BRDA:169,43,5,1
BRDA:169,43,6,0
BRF:100
BRH:80
end_of_record
